\BOOKMARK [0][-]{chapter.1}{Introduction}{}
\BOOKMARK [0][-]{chapter.2}{Library Description}{}
\BOOKMARK [1][-]{section.2.1}{Spatial Domain Processing}{chapter.2}
\BOOKMARK [2][-]{subsection.2.1.1}{Linear Spatial Filtering}{section.2.1}
\BOOKMARK [2][-]{subsection.2.1.2}{Non Linear Spatial Filtering}{section.2.1}
\BOOKMARK [1][-]{section.2.2}{Frequency Domain Processing}{chapter.2}
\BOOKMARK [2][-]{subsection.2.2.1}{Linear Frequency Filtering}{section.2.2}
\BOOKMARK [2][-]{subsection.2.2.2}{Non Linear Frequency Filtering}{section.2.2}
\BOOKMARK [1][-]{section.2.3}{Image Restoration}{chapter.2}
\BOOKMARK [2][-]{subsection.2.3.1}{Noise Modeling}{section.2.3}
\BOOKMARK [2][-]{subsection.2.3.2}{Filtering Restoration}{section.2.3}
\BOOKMARK [1][-]{section.2.4}{Geometric Transformation}{chapter.2}
\BOOKMARK [2][-]{subsection.2.4.1}{Rotations}{section.2.4}
\BOOKMARK [1][-]{section.2.5}{Image Registration}{chapter.2}
\BOOKMARK [1][-]{section.2.6}{Color Image Processing}{chapter.2}
\BOOKMARK [1][-]{section.2.7}{Image Compression}{chapter.2}
\BOOKMARK [1][-]{section.2.8}{Morphological ImageProcessing}{chapter.2}
\BOOKMARK [1][-]{section.2.9}{Image Segmentation}{chapter.2}
\BOOKMARK [2][-]{subsection.2.9.1}{Edge detection}{section.2.9}
\BOOKMARK [2][-]{subsection.2.9.2}{Interest region}{section.2.9}
\BOOKMARK [2][-]{subsection.2.9.3}{PredefinedRegion}{section.2.9}
\BOOKMARK [1][-]{section.2.10}{Core Functions}{chapter.2}
\BOOKMARK [2][-]{subsection.2.10.1}{Math}{section.2.10}
\BOOKMARK [0][-]{chapter.3}{Standards}{}
\BOOKMARK [1][-]{section.3.1}{Actor Nomenclature}{chapter.3}
\BOOKMARK [1][-]{section.3.2}{Actor Port Structure}{chapter.3}
\BOOKMARK [2][-]{subsection.3.2.1}{Size of Image}{section.3.2}
\BOOKMARK [2][-]{subsection.3.2.2}{RBG}{section.3.2}
\BOOKMARK [2][-]{subsection.3.2.3}{YCbCr}{section.3.2}
\BOOKMARK [0][-]{chapter.4}{Actor Dependencies}{}
